<?xml version="1.0" encoding="UTF-8"?>
<coverage generated="1774075908296" clover="3.2.0">
  <project timestamp="1774075908296" name="All files">
    <metrics statements="12" coveredstatements="12" conditionals="10" coveredconditionals="10" methods="2" coveredmethods="2" elements="24" coveredelements="24" complexity="0" loc="12" ncloc="12" packages="1" files="2" classes="2"/>
    <file name="payTwo.js" path="C:\Users\SURATA\AllTesting\payTwo.js">
      <metrics statements="6" coveredstatements="6" conditionals="4" coveredconditionals="4" methods="1" coveredmethods="1"/>
      <line num="3" count="35" type="cond" truecount="2" falsecount="0"/>
      <line num="4" count="5" type="stmt"/>
      <line num="10" count="30" type="cond" truecount="2" falsecount="0"/>
      <line num="11" count="3" type="stmt"/>
      <line num="17" count="27" type="stmt"/>
      <line num="23" count="1" type="stmt"/>
    </file>
    <file name="paymentFixing.js" path="C:\Users\SURATA\AllTesting\paymentFixing.js">
      <metrics statements="6" coveredstatements="6" conditionals="6" coveredconditionals="6" methods="1" coveredmethods="1"/>
      <line num="4" count="35" type="cond" truecount="4" falsecount="0"/>
      <line num="5" count="29" type="stmt"/>
      <line num="11" count="6" type="cond" truecount="2" falsecount="0"/>
      <line num="12" count="3" type="stmt"/>
      <line num="18" count="3" type="stmt"/>
      <line num="27" count="1" type="stmt"/>
    </file>
  </project>
</coverage>
